<?xml version="1.0" encoding="UTF-8"?>
<testsuite name="com.ideas.scheduler.SchedulerApplicationTests" tests="1" skipped="0" failures="0" errors="0" timestamp="2020-07-13T18:00:13" hostname="LAPTOP-DNDJM9CT" time="0.194">
  <properties/>
  <testcase name="contextLoads()" classname="com.ideas.scheduler.SchedulerApplicationTests" time="0.194"/>
  <system-out><![CDATA[13:00:08.159 [Test worker] DEBUG org.springframework.test.context.BootstrapUtils - Instantiating CacheAwareContextLoaderDelegate from class [org.springframework.test.context.cache.DefaultCacheAwareContextLoaderDelegate]
13:00:08.171 [Test worker] DEBUG org.springframework.test.context.BootstrapUtils - Instantiating BootstrapContext using constructor [public org.springframework.test.context.support.DefaultBootstrapContext(java.lang.Class,org.springframework.test.context.CacheAwareContextLoaderDelegate)]
13:00:08.195 [Test worker] DEBUG org.springframework.test.context.BootstrapUtils - Instantiating TestContextBootstrapper for test class [com.ideas.scheduler.SchedulerApplicationTests] from class [org.springframework.boot.test.context.SpringBootTestContextBootstrapper]
13:00:08.210 [Test worker] INFO org.springframework.boot.test.context.SpringBootTestContextBootstrapper - Neither @ContextConfiguration nor @ContextHierarchy found for test class [com.ideas.scheduler.SchedulerApplicationTests], using SpringBootContextLoader
13:00:08.213 [Test worker] DEBUG org.springframework.test.context.support.AbstractContextLoader - Did not detect default resource location for test class [com.ideas.scheduler.SchedulerApplicationTests]: class path resource [com/ideas/scheduler/SchedulerApplicationTests-context.xml] does not exist
13:00:08.214 [Test worker] DEBUG org.springframework.test.context.support.AbstractContextLoader - Did not detect default resource location for test class [com.ideas.scheduler.SchedulerApplicationTests]: class path resource [com/ideas/scheduler/SchedulerApplicationTestsContext.groovy] does not exist
13:00:08.214 [Test worker] INFO org.springframework.test.context.support.AbstractContextLoader - Could not detect default resource locations for test class [com.ideas.scheduler.SchedulerApplicationTests]: no resource found for suffixes {-context.xml, Context.groovy}.
13:00:08.215 [Test worker] INFO org.springframework.test.context.support.AnnotationConfigContextLoaderUtils - Could not detect default configuration classes for test class [com.ideas.scheduler.SchedulerApplicationTests]: SchedulerApplicationTests does not declare any static, non-private, non-final, nested classes annotated with @Configuration.
13:00:08.250 [Test worker] DEBUG org.springframework.test.context.support.ActiveProfilesUtils - Could not find an 'annotation declaring class' for annotation type [org.springframework.test.context.ActiveProfiles] and class [com.ideas.scheduler.SchedulerApplicationTests]
13:00:08.324 [Test worker] DEBUG org.springframework.context.annotation.ClassPathScanningCandidateComponentProvider - Identified candidate component class: file [C:\Users\shahy\Trainer Scheduler\build\classes\java\main\com\ideas\scheduler\SchedulerApplication.class]
13:00:08.325 [Test worker] INFO org.springframework.boot.test.context.SpringBootTestContextBootstrapper - Found @SpringBootConfiguration com.ideas.scheduler.SchedulerApplication for test class com.ideas.scheduler.SchedulerApplicationTests
13:00:08.417 [Test worker] DEBUG org.springframework.boot.test.context.SpringBootTestContextBootstrapper - @TestExecutionListeners is not present for class [com.ideas.scheduler.SchedulerApplicationTests]: using defaults.
13:00:08.417 [Test worker] INFO org.springframework.boot.test.context.SpringBootTestContextBootstrapper - Loaded default TestExecutionListener class names from location [META-INF/spring.factories]: [org.springframework.boot.test.autoconfigure.restdocs.RestDocsTestExecutionListener, org.springframework.boot.test.autoconfigure.web.client.MockRestServiceServerResetTestExecutionListener, org.springframework.boot.test.autoconfigure.web.servlet.MockMvcPrintOnlyOnFailureTestExecutionListener, org.springframework.boot.test.autoconfigure.web.servlet.WebDriverTestExecutionListener, org.springframework.boot.test.autoconfigure.webservices.client.MockWebServiceServerTestExecutionListener, org.springframework.boot.test.mock.mockito.MockitoTestExecutionListener, org.springframework.boot.test.mock.mockito.ResetMocksTestExecutionListener, org.springframework.test.context.web.ServletTestExecutionListener, org.springframework.test.context.support.DirtiesContextBeforeModesTestExecutionListener, org.springframework.test.context.support.DependencyInjectionTestExecutionListener, org.springframework.test.context.support.DirtiesContextTestExecutionListener, org.springframework.test.context.transaction.TransactionalTestExecutionListener, org.springframework.test.context.jdbc.SqlScriptsTestExecutionListener, org.springframework.test.context.event.EventPublishingTestExecutionListener]
13:00:08.433 [Test worker] INFO org.springframework.boot.test.context.SpringBootTestContextBootstrapper - Using TestExecutionListeners: [org.springframework.test.context.web.ServletTestExecutionListener@4b04d0ce, org.springframework.test.context.support.DirtiesContextBeforeModesTestExecutionListener@745a138b, org.springframework.boot.test.mock.mockito.MockitoTestExecutionListener@29c468a5, org.springframework.boot.test.autoconfigure.SpringBootDependencyInjectionTestExecutionListener@242b0dbe, org.springframework.test.context.support.DirtiesContextTestExecutionListener@49c43b55, org.springframework.test.context.transaction.TransactionalTestExecutionListener@6d26afad, org.springframework.test.context.jdbc.SqlScriptsTestExecutionListener@67ad73ec, org.springframework.test.context.event.EventPublishingTestExecutionListener@1b17d45a, org.springframework.boot.test.autoconfigure.restdocs.RestDocsTestExecutionListener@73e15afe, org.springframework.boot.test.autoconfigure.web.client.MockRestServiceServerResetTestExecutionListener@2b62d8e8, org.springframework.boot.test.autoconfigure.web.servlet.MockMvcPrintOnlyOnFailureTestExecutionListener@27dcfc7b, org.springframework.boot.test.autoconfigure.web.servlet.WebDriverTestExecutionListener@2cc59de, org.springframework.boot.test.autoconfigure.webservices.client.MockWebServiceServerTestExecutionListener@7b03c5d3, org.springframework.boot.test.mock.mockito.ResetMocksTestExecutionListener@469be7c3]
13:00:08.436 [Test worker] DEBUG org.springframework.test.context.support.AbstractDirtiesContextTestExecutionListener - Before test class: context [DefaultTestContext@456d6644 testClass = SchedulerApplicationTests, testInstance = [null], testMethod = [null], testException = [null], mergedContextConfiguration = [WebMergedContextConfiguration@5d925e48 testClass = SchedulerApplicationTests, locations = '{}', classes = '{class com.ideas.scheduler.SchedulerApplication}', contextInitializerClasses = '[]', activeProfiles = '{}', propertySourceLocations = '{}', propertySourceProperties = '{org.springframework.boot.test.context.SpringBootTestContextBootstrapper=true}', contextCustomizers = set[org.springframework.boot.test.autoconfigure.properties.PropertyMappingContextCustomizer@0, org.springframework.boot.test.autoconfigure.web.servlet.WebDriverContextCustomizerFactory$Customizer@551ccdd, org.springframework.boot.test.context.filter.ExcludeFilterContextCustomizer@694cc476, org.springframework.boot.test.json.DuplicateJsonObjectContextCustomizerFactory$DuplicateJsonObjectContextCustomizer@4be7d303, org.springframework.boot.test.mock.mockito.MockitoContextCustomizer@0, org.springframework.boot.test.web.client.TestRestTemplateContextCustomizer@518b6204, org.springframework.boot.test.context.SpringBootTestArgs@1], resourceBasePath = 'src/main/webapp', contextLoader = 'org.springframework.boot.test.context.SpringBootContextLoader', parent = [null]], attributes = map['org.springframework.test.context.web.ServletTestExecutionListener.activateListener' -> true]], class annotated with @DirtiesContext [false] with mode [null].
13:00:08.461 [Test worker] DEBUG org.springframework.test.context.support.TestPropertySourceUtils - Adding inlined properties to environment: {spring.jmx.enabled=false, org.springframework.boot.test.context.SpringBootTestContextBootstrapper=true}

  .   ____          _            __ _ _
 /\\ / ___'_ __ _ _(_)_ __  __ _ \ \ \ \
( ( )\___ | '_ | '_| | '_ \/ _` | \ \ \ \
 \\/  ___)| |_)| | | | | || (_| |  ) ) ) )
  '  |____| .__|_| |_|_| |_\__, | / / / /
 =========|_|==============|___/=/_/_/_/
 :: Spring Boot ::        (v2.3.1.RELEASE)

2020-07-13 13:00:08.716  INFO 8776 --- [    Test worker] c.i.scheduler.SchedulerApplicationTests  : Starting SchedulerApplicationTests on LAPTOP-DNDJM9CT with PID 8776 (started by shahy in C:\Users\shahy\Trainer Scheduler)
2020-07-13 13:00:08.717  INFO 8776 --- [    Test worker] c.i.scheduler.SchedulerApplicationTests  : No active profile set, falling back to default profiles: default
2020-07-13 13:00:09.785  INFO 8776 --- [    Test worker] .s.d.r.c.RepositoryConfigurationDelegate : Bootstrapping Spring Data JPA repositories in DEFERRED mode.
2020-07-13 13:00:09.881  INFO 8776 --- [    Test worker] .s.d.r.c.RepositoryConfigurationDelegate : Finished Spring Data repository scanning in 86ms. Found 8 JPA repository interfaces.
2020-07-13 13:00:10.462  INFO 8776 --- [    Test worker] o.f.c.internal.license.VersionPrinter    : Flyway Community Edition 6.4.4 by Redgate
2020-07-13 13:00:10.470  INFO 8776 --- [    Test worker] com.zaxxer.hikari.HikariDataSource       : HikariPool-1 - Starting...
2020-07-13 13:00:10.479  WARN 8776 --- [    Test worker] com.zaxxer.hikari.util.DriverDataSource  : Registered driver with driverClassName=com.mysql.jdbc.Driver was not found, trying direct instantiation.
2020-07-13 13:00:10.859  INFO 8776 --- [    Test worker] com.zaxxer.hikari.HikariDataSource       : HikariPool-1 - Start completed.
2020-07-13 13:00:10.898  INFO 8776 --- [    Test worker] o.f.c.internal.database.DatabaseFactory  : Database: jdbc:mysql://localhost:3306/schedulerdb (MySQL 8.0)
2020-07-13 13:00:10.940  INFO 8776 --- [    Test worker] o.f.core.internal.command.DbValidate     : Successfully validated 1 migration (execution time 00:00.015s)
2020-07-13 13:00:10.952  INFO 8776 --- [    Test worker] o.f.core.internal.command.DbMigrate      : Current version of schema `schedulerdb`: 1
2020-07-13 13:00:10.953  INFO 8776 --- [    Test worker] o.f.core.internal.command.DbMigrate      : Schema `schedulerdb` is up to date. No migration necessary.
2020-07-13 13:00:11.125  INFO 8776 --- [    Test worker] o.s.s.concurrent.ThreadPoolTaskExecutor  : Initializing ExecutorService 'applicationTaskExecutor'
2020-07-13 13:00:11.223  INFO 8776 --- [         task-1] o.hibernate.jpa.internal.util.LogHelper  : HHH000204: Processing PersistenceUnitInfo [name: default]
2020-07-13 13:00:11.307  INFO 8776 --- [         task-1] org.hibernate.Version                    : HHH000412: Hibernate ORM core version 5.4.17.Final
2020-07-13 13:00:11.539  INFO 8776 --- [         task-1] o.hibernate.annotations.common.Version   : HCANN000001: Hibernate Commons Annotations {5.1.0.Final}
2020-07-13 13:00:11.547  WARN 8776 --- [    Test worker] JpaBaseConfiguration$JpaWebConfiguration : spring.jpa.open-in-view is enabled by default. Therefore, database queries may be performed during view rendering. Explicitly configure spring.jpa.open-in-view to disable this warning
2020-07-13 13:00:11.720  INFO 8776 --- [         task-1] org.hibernate.dialect.Dialect            : HHH000400: Using dialect: org.hibernate.dialect.MySQL5InnoDBDialect
2020-07-13 13:00:12.618  INFO 8776 --- [         task-1] o.h.e.t.j.p.i.JtaPlatformInitiator       : HHH000490: Using JtaPlatform implementation: [org.hibernate.engine.transaction.jta.platform.internal.NoJtaPlatform]
2020-07-13 13:00:12.630  INFO 8776 --- [         task-1] j.LocalContainerEntityManagerFactoryBean : Initialized JPA EntityManagerFactory for persistence unit 'default'
2020-07-13 13:00:12.731  INFO 8776 --- [    Test worker] o.s.b.a.e.web.EndpointLinksResolver      : Exposing 14 endpoint(s) beneath base path '/actuator'
2020-07-13 13:00:12.777  INFO 8776 --- [    Test worker] DeferredRepositoryInitializationListener : Triggering deferred initialization of Spring Data repositories…
2020-07-13 13:00:13.194  INFO 8776 --- [    Test worker] DeferredRepositoryInitializationListener : Spring Data repositories initialized!
2020-07-13 13:00:13.206  INFO 8776 --- [    Test worker] c.i.scheduler.SchedulerApplicationTests  : Started SchedulerApplicationTests in 4.736 seconds (JVM running for 5.753)
com.ideas.scheduler.region.service.Region@65671979
com.ideas.scheduler.region.service.Region@3890f6cd
com.ideas.scheduler.region.service.Region@3d4a2c9d
com.ideas.scheduler.region.service.Region@71a744
com.ideas.scheduler.region.service.Region@4be0d82a
com.ideas.scheduler.region.service.Region@74f97905
com.ideas.scheduler.region.service.Region@183b8dc3
]]></system-out>
  <system-err><![CDATA[Loading class `com.mysql.jdbc.Driver'. This is deprecated. The new driver class is `com.mysql.cj.jdbc.Driver'. The driver is automatically registered via the SPI and manual loading of the driver class is generally unnecessary.
]]></system-err>
</testsuite>
